Added Pin To Net: NetName=PC12 Pin=U1-73
Added Pin To Net: NetName=PC10 Pin=U1-74
Added Pin To Net: NetName=PC11 Pin=U1-108
Added Pin To Net: NetName=PD2 Pin=U1-110
Added Pin To Net: NetName=PA8 Pin=U1-78
Added Net: Name=PA8
Added Pin To Net: NetName=PA9 Pin=U1-104
Added Net: Name=PA9
Added Pin To Net: NetName=PA10 Pin=U1-77
Added Net: Name=PA10
Added Pin To Net: NetName=PA11 Pin=U1-105
Added Net: Name=PA11
Added Pin To Net: NetName=PA12 Pin=U1-76
Added Net: Name=PA12
Added Pin To Net: NetName=PA13 Pin=U1-106
Added Net: Name=PA13
Added Pin To Net: NetName=PA14 Pin=U1-75
Added Net: Name=PA14
Added Pin To Net: NetName=PA15 Pin=U1-107
Added Net: Name=PA15
Added Pin To Net: NetName=PB4 Pin=U1-117
Added Net: Name=PB4
Added Pin To Net: NetName=PB5 Pin=U1-64
Added Net: Name=PB5
Added Pin To Net: NetName=PB6 Pin=U1-118
Added Net: Name=PB6
Added Pin To Net: NetName=PB7 Pin=U1-63
Added Net: Name=PB7
Added Pin To Net: NetName=PB8 Pin=U1-119
Added Net: Name=PB8
Added Pin To Net: NetName=PB9 Pin=U1-62
Added Net: Name=PB9
Added Pin To Net: NetName=PD0 Pin=U1-109
Added Net: Name=PD0
Added Pin To Net: NetName=PD1 Pin=U1-72
Added Net: Name=PD1
Added Pin To Net: NetName=PD3 Pin=U1-71
Added Net: Name=PD3
Added Pin To Net: NetName=PD4 Pin=U1-111
Added Net: Name=PD4
Added Pin To Net: NetName=PD5 Pin=U1-70
Added Net: Name=PD5
Added Pin To Net: NetName=PD6 Pin=U1-112
Added Net: Name=PD6
Added Pin To Net: NetName=PD7 Pin=U1-69
Added Net: Name=PD7
Added Pin To Net: NetName=PE0 Pin=U1-120
Added Net: Name=PE0
Added Pin To Net: NetName=PE1 Pin=U1-61
Added Net: Name=PE1
Added Room: Name=Ô­×ÓÕ½½¢STM32F103ZET6
